{"/home/ervin/exchange-currency/backend/services/CurrencyService.js": {"path":"/home/ervin/exchange-currency/backend/services/CurrencyService.js","statementMap":{"0":{"start":{"line":39,"column":22},"end":{"line":39,"column":45}},"1":{"start":{"line":40,"column":28},"end":{"line":40,"column":54}},"2":{"start":{"line":42,"column":0},"end":{"line":47,"column":1}},"3":{"start":{"line":43,"column":55},"end":{"line":43,"column":59}},"4":{"start":{"line":44,"column":30},"end":{"line":44,"column":104}},"5":{"start":{"line":45,"column":4},"end":{"line":45,"column":77}},"6":{"start":{"line":45,"column":28},"end":{"line":45,"column":77}},"7":{"start":{"line":46,"column":4},"end":{"line":46,"column":33}},"8":{"start":{"line":49,"column":0},"end":{"line":53,"column":1}},"9":{"start":{"line":50,"column":26},"end":{"line":50,"column":55}},"10":{"start":{"line":51,"column":4},"end":{"line":51,"column":65}},"11":{"start":{"line":51,"column":24},"end":{"line":51,"column":65}},"12":{"start":{"line":52,"column":4},"end":{"line":52,"column":29}}},"fnMap":{"0":{"name":"(anonymous_0)","decl":{"start":{"line":42,"column":27},"end":{"line":42,"column":28}},"loc":{"start":{"line":42,"column":43},"end":{"line":47,"column":1}},"line":42},"1":{"name":"(anonymous_1)","decl":{"start":{"line":49,"column":27},"end":{"line":49,"column":28}},"loc":{"start":{"line":49,"column":39},"end":{"line":53,"column":1}},"line":49}},"branchMap":{"0":{"loc":{"start":{"line":45,"column":4},"end":{"line":45,"column":77}},"type":"if","locations":[{"start":{"line":45,"column":4},"end":{"line":45,"column":77}},{"start":{},"end":{}}],"line":45},"1":{"loc":{"start":{"line":51,"column":4},"end":{"line":51,"column":65}},"type":"if","locations":[{"start":{"line":51,"column":4},"end":{"line":51,"column":65}},{"start":{},"end":{}}],"line":51}},"s":{"0":1,"1":1,"2":1,"3":1,"4":1,"5":1,"6":0,"7":1,"8":1,"9":1,"10":1,"11":0,"12":1},"f":{"0":1,"1":1},"b":{"0":[0,1],"1":[0,1]},"_coverageSchema":"1a1c01bbd47fc00a2c39e90264f33305004495a9","hash":"fad0610cc125769b27dd189d4030364f93472d38"}
,"/home/ervin/exchange-currency/backend/utils/errors.js": {"path":"/home/ervin/exchange-currency/backend/utils/errors.js","statementMap":{"0":{"start":{"line":1,"column":13},"end":{"line":1,"column":28}},"1":{"start":{"line":5,"column":2},"end":{"line":5,"column":18}},"2":{"start":{"line":6,"column":2},"end":{"line":6,"column":31}},"3":{"start":{"line":7,"column":2},"end":{"line":7,"column":32}},"4":{"start":{"line":8,"column":2},"end":{"line":8,"column":30}},"5":{"start":{"line":11,"column":1},"end":{"line":11,"column":39}},"6":{"start":{"line":12,"column":1},"end":{"line":12,"column":39}},"7":{"start":{"line":14,"column":1},"end":{"line":14,"column":24}},"8":{"start":{"line":17,"column":0},"end":{"line":27,"column":1}}},"fnMap":{"0":{"name":"_createError","decl":{"start":{"line":3,"column":9},"end":{"line":3,"column":21}},"loc":{"start":{"line":3,"column":40},"end":{"line":15,"column":1}},"line":3},"1":{"name":"ErrorConstructor","decl":{"start":{"line":4,"column":10},"end":{"line":4,"column":26}},"loc":{"start":{"line":4,"column":36},"end":{"line":9,"column":2}},"line":4}},"branchMap":{"0":{"loc":{"start":{"line":7,"column":17},"end":{"line":7,"column":32}},"type":"binary-expr","locations":[{"start":{"line":7,"column":17},"end":{"line":7,"column":24}},{"start":{"line":7,"column":28},"end":{"line":7,"column":32}}],"line":7}},"s":{"0":1,"1":0,"2":0,"3":0,"4":0,"5":9,"6":9,"7":9,"8":1},"f":{"0":9,"1":0},"b":{"0":[0,0]},"_coverageSchema":"1a1c01bbd47fc00a2c39e90264f33305004495a9","hash":"d405dc40437bf1eb271827063dfdefca205f0c50"}
}
