TN:
SF:backend/services/CurrencyService.js
FN:42,(anonymous_0)
FN:49,(anonymous_1)
FNF:2
FNH:2
FNDA:1,(anonymous_0)
FNDA:1,(anonymous_1)
DA:39,1
DA:40,1
DA:42,1
DA:43,1
DA:44,1
DA:45,1
DA:46,1
DA:49,1
DA:50,1
DA:51,1
DA:52,1
LF:11
LH:11
BRDA:45,0,0,0
BRDA:45,0,1,1
BRDA:51,1,0,0
BRDA:51,1,1,1
BRF:4
BRH:2
end_of_record
TN:
SF:backend/utils/errors.js
FN:3,_createError
FN:4,ErrorConstructor
FNF:2
FNH:1
FNDA:9,_createError
FNDA:0,ErrorConstructor
DA:1,1
DA:5,0
DA:6,0
DA:7,0
DA:8,0
DA:11,9
DA:12,9
DA:14,9
DA:17,1
LF:9
LH:5
BRDA:7,0,0,0
BRDA:7,0,1,0
BRF:2
BRH:0
end_of_record
